<?xml version="1.0" encoding="UTF-8"?>
<!-- Generated by org.testng.reporters.JUnitXMLReporter -->
<testsuite ignored="0" hostname="DESKTOP-26QMALB" failures="0" tests="7" name="Home Loan" time="0.158" errors="0" timestamp="2022-05-13T15:46:44 IST">
  <testcase classname="MavenMainProject.Test1" name="Mobile" time="0.018"/>
  <testcase classname="MavenMainProject.Test1" name="test1" time="0.003"/>
  <testcase classname="MavenMainProject.Test1" name="test11" time="0.004"/>
  <testcase classname="MavenMainProject.Test1" name="test111" time="0.003"/>
  <testcase classname="MavenMainProject.Test2" name="test2" time="0.002"/>
  <testcase classname="MavenMainProject.Test3" name="test3" time="0.003"/>
  <testcase classname="MavenMainProject.Test3" name="test33" time="0.002"/>
</testsuite> <!-- Home Loan -->
