<?xml version="1.0" encoding="UTF-8"?>
<!-- Generated by org.testng.reporters.JUnitXMLReporter -->
<testsuite ignored="0" hostname="DESKTOP-26QMALB" failures="0" tests="5" name="Home Loan" time="0.135" errors="0" timestamp="2022-05-13T17:50:41 IST">
  <testcase classname="MavenMainProject.Test1" name="Mobile" time="0.021"/>
  <testcase classname="MavenMainProject.Test1" name="test1" time="0.003"/>
  <testcase classname="MavenMainProject.Test1" name="test11" time="0.001"/>
  <testcase classname="MavenMainProject.Test1" name="test111" time="0.004"/>
  <testcase classname="MavenMainProject.Test2" name="test2" time="0.002"/>
</testsuite> <!-- Home Loan -->
