<?xml version="1.0" encoding="UTF-8"?>
<testng-results ignored="0" total="7" passed="7" failed="0" skipped="0">
  <reporter-output>
  </reporter-output>
  <suite started-at="2022-05-13T17:50:41 IST" name="Loan Department" finished-at="2022-05-13T17:50:42 IST" duration-ms="289">
    <groups>
    </groups>
    <test started-at="2022-05-13T17:50:41 IST" name="Home Loan" finished-at="2022-05-13T17:50:41 IST" duration-ms="135">
      <class name="MavenMainProject.Test1">
        <test-method signature="Mobile()[pri:0, instance:MavenMainProject.Test1@66d3eec0]" started-at="2022-05-13T17:50:41 IST" name="Mobile" finished-at="2022-05-13T17:50:41 IST" duration-ms="21" status="PASS">
          <reporter-output>
          </reporter-output>
        </test-method> <!-- Mobile -->
        <test-method signature="test1(java.lang.String)[pri:0, instance:MavenMainProject.Test1@66d3eec0]" started-at="2022-05-13T17:50:41 IST" name="test1" finished-at="2022-05-13T17:50:41 IST" duration-ms="3" status="PASS">
          <params>
            <param index="0">
              <value>
                <![CDATA[https://goole.co.in]]>
              </value>
            </param>
          </params>
          <reporter-output>
          </reporter-output>
        </test-method> <!-- test1 -->
        <test-method signature="test11()[pri:0, instance:MavenMainProject.Test1@66d3eec0]" started-at="2022-05-13T17:50:41 IST" name="test11" finished-at="2022-05-13T17:50:41 IST" duration-ms="1" status="PASS">
          <reporter-output>
          </reporter-output>
        </test-method> <!-- test11 -->
        <test-method signature="test111()[pri:0, instance:MavenMainProject.Test1@66d3eec0]" started-at="2022-05-13T17:50:41 IST" name="test111" finished-at="2022-05-13T17:50:41 IST" duration-ms="4" status="PASS">
          <reporter-output>
          </reporter-output>
        </test-method> <!-- test111 -->
      </class> <!-- MavenMainProject.Test1 -->
      <class name="MavenMainProject.Test2">
        <test-method signature="test2()[pri:0, instance:MavenMainProject.Test2@209da20d]" started-at="2022-05-13T17:50:41 IST" name="test2" finished-at="2022-05-13T17:50:41 IST" duration-ms="2" status="PASS">
          <reporter-output>
          </reporter-output>
        </test-method> <!-- test2 -->
      </class> <!-- MavenMainProject.Test2 -->
    </test> <!-- Home Loan -->
    <test started-at="2022-05-13T17:50:42 IST" name="car loan" finished-at="2022-05-13T17:50:42 IST" duration-ms="8">
      <class name="MavenMainProject.Test3">
        <test-method signature="test3()[pri:0, instance:MavenMainProject.Test3@3527942a]" started-at="2022-05-13T17:50:42 IST" name="test3" finished-at="2022-05-13T17:50:42 IST" duration-ms="2" status="PASS">
          <reporter-output>
          </reporter-output>
        </test-method> <!-- test3 -->
        <test-method signature="test33()[pri:0, instance:MavenMainProject.Test3@3527942a]" started-at="2022-05-13T17:50:42 IST" name="test33" finished-at="2022-05-13T17:50:42 IST" duration-ms="1" status="PASS">
          <reporter-output>
          </reporter-output>
        </test-method> <!-- test33 -->
      </class> <!-- MavenMainProject.Test3 -->
    </test> <!-- car loan -->
  </suite> <!-- Loan Department -->
</testng-results>
